[debug] [2026-02-15T18:47:25.822Z] ----------------------------------------------------------------------
[debug] [2026-02-15T18:47:25.823Z] Command:       /Users/syxzz/.nvm/versions/node/v20.13.1/bin/node /Users/syxzz/.nvm/versions/node/v20.13.1/bin/firebase init
[debug] [2026-02-15T18:47:25.824Z] CLI Version:   15.6.0
[debug] [2026-02-15T18:47:25.824Z] Platform:      darwin
[debug] [2026-02-15T18:47:25.824Z] Node Version:  v20.13.1
[debug] [2026-02-15T18:47:25.824Z] Time:          Mon Feb 16 2026 02:47:25 GMT+0800 (中国标准时间)
[debug] [2026-02-15T18:47:25.824Z] ----------------------------------------------------------------------
[debug] 
[info] 
     ######## #### ########  ######## ########     ###     ######  ########
     ##        ##  ##     ## ##       ##     ##  ##   ##  ##       ##
     ######    ##  ########  ######   ########  #########  ######  ######
     ##        ##  ##    ##  ##       ##     ## ##     ##       ## ##
     ##       #### ##     ## ######## ########  ##     ##  ######  ########

You're about to initialize a Firebase project in this directory:

  /Users/syxzz/HackProject/LoveMix

[info] 
=== Project Setup
[info] 
[info] First, let's associate this project directory with a Firebase project.
[info] You can create multiple project aliases by running firebase use --add, 
[info] 
[info] i  If you want to create a project in a Google Cloud organization or folder, please use "firebase projects:create" instead, and return to this command when you've created the project. 
[debug] [2026-02-15T18:48:15.954Z] > command requires scopes: ["email","openid","https://www.googleapis.com/auth/cloudplatformprojects.readonly","https://www.googleapis.com/auth/firebase","https://www.googleapis.com/auth/cloud-platform"]
[debug] [2026-02-15T18:48:15.954Z] > authorizing via signed-in user (syxzzzzz61@gmail.com)
